[debug] [2023-02-22T19:39:18.647Z] ----------------------------------------------------------------------
[debug] [2023-02-22T19:39:18.649Z] Command:       C:\Program Files\nodejs\node.exe C:\Users\aherr\AppData\Roaming\npm\node_modules\firebase-tools\lib\bin\firebase.js init
[debug] [2023-02-22T19:39:18.650Z] CLI Version:   11.23.1
[debug] [2023-02-22T19:39:18.650Z] Platform:      win32
[debug] [2023-02-22T19:39:18.650Z] Node Version:  v18.12.1
[debug] [2023-02-22T19:39:18.651Z] Time:          Wed Feb 22 2023 16:39:18 GMT-0300 (hora de verano de Chile)
[debug] [2023-02-22T19:39:18.651Z] ----------------------------------------------------------------------
[debug] 
[debug] [2023-02-22T19:39:18.655Z] >>> [apiv2][query] GET https://firebase-public.firebaseio.com/cli.json [none]
[debug] [2023-02-22T19:39:18.703Z] > command requires scopes: ["email","openid","https://www.googleapis.com/auth/cloudplatformprojects.readonly","https://www.googleapis.com/auth/firebase","https://www.googleapis.com/auth/cloud-platform"]
[debug] [2023-02-22T19:39:18.704Z] > authorizing via signed-in user (redchilesolidario@gmail.com)
[info] 
     ######## #### ########  ######## ########     ###     ######  ########
     ##        ##  ##     ## ##       ##     ##  ##   ##  ##       ##
     ######    ##  ########  ######   ########  #########  ######  ######
     ##        ##  ##    ##  ##       ##     ## ##     ##       ## ##
     ##       #### ##     ## ######## ########  ##     ##  ######  ########

You're about to initialize a Firebase project in this directory:

  C:\Users\aherr\Laboratoria\DEV003-social-network

[debug] [2023-02-22T19:39:19.072Z] <<< [apiv2][status] GET https://firebase-public.firebaseio.com/cli.json 200
[debug] [2023-02-22T19:39:19.072Z] <<< [apiv2][body] GET https://firebase-public.firebaseio.com/cli.json {"cloudBuildErrorAfter":1594252800000,"cloudBuildWarnAfter":1590019200000,"defaultNode10After":1594252800000,"minVersion":"3.0.5","node8DeploysDisabledAfter":1613390400000,"node8RuntimeDisabledAfter":1615809600000,"node8WarnAfter":1600128000000}
